[0.314s] Invoking command in '/home/bagus/ichimonji/odometry/src/low_level': PYTHONPATH=/home/bagus/ichimonji/odometry/build/low_level/prefix_override:/usr/lib/python3/dist-packages/colcon_core/task/python/colcon_distutils_commands:/home/bagus/ichimonji/odometry/install/low_level/lib/python3.10/site-packages:${PYTHONPATH} /usr/bin/python3 -W ignore:setup.py install is deprecated -W ignore:easy_install command is deprecated setup.py egg_info --egg-base ../../build/low_level build --build-base /home/bagus/ichimonji/odometry/build/low_level/build install --record /home/bagus/ichimonji/odometry/build/low_level/install.log --single-version-externally-managed install_data
[0.438s] running egg_info
[0.440s] writing ../../build/low_level/low_level.egg-info/PKG-INFO
[0.440s] writing dependency_links to ../../build/low_level/low_level.egg-info/dependency_links.txt
[0.440s] writing entry points to ../../build/low_level/low_level.egg-info/entry_points.txt
[0.440s] writing requirements to ../../build/low_level/low_level.egg-info/requires.txt
[0.440s] writing top-level names to ../../build/low_level/low_level.egg-info/top_level.txt
[0.442s] reading manifest file '../../build/low_level/low_level.egg-info/SOURCES.txt'
[0.442s] writing manifest file '../../build/low_level/low_level.egg-info/SOURCES.txt'
[0.443s] running build
[0.443s] running build_py
[0.443s] copying low_level/learn_mavros.py -> /home/bagus/ichimonji/odometry/build/low_level/build/lib/low_level
[0.444s] running install
[0.444s] running install_lib
[0.445s] copying /home/bagus/ichimonji/odometry/build/low_level/build/lib/low_level/learn_mavros.py -> /home/bagus/ichimonji/odometry/install/low_level/lib/python3.10/site-packages/low_level
[0.445s] byte-compiling /home/bagus/ichimonji/odometry/install/low_level/lib/python3.10/site-packages/low_level/learn_mavros.py to learn_mavros.cpython-310.pyc
[0.446s] running install_data
[0.446s] running install_egg_info
[0.446s]   File "/home/bagus/ichimonji/odometry/install/low_level/lib/python3.10/site-packages/low_level/learn_mavros.py", line 11
[0.446s]     msg_type=Altitude,,
[0.446s]                       ^
[0.446s] SyntaxError: invalid syntax
[0.446s] 
[0.448s] removing '/home/bagus/ichimonji/odometry/install/low_level/lib/python3.10/site-packages/low_level-0.0.0-py3.10.egg-info' (and everything under it)
[0.448s] Copying ../../build/low_level/low_level.egg-info to /home/bagus/ichimonji/odometry/install/low_level/lib/python3.10/site-packages/low_level-0.0.0-py3.10.egg-info
[0.448s] running install_scripts
[0.474s] Installing anti_collision script to /home/bagus/ichimonji/odometry/install/low_level/lib/low_level
[0.474s] Installing learn_mavros script to /home/bagus/ichimonji/odometry/install/low_level/lib/low_level
[0.474s] writing list of installed files to '/home/bagus/ichimonji/odometry/build/low_level/install.log'
[0.503s] Invoked command in '/home/bagus/ichimonji/odometry/src/low_level' returned '0': PYTHONPATH=/home/bagus/ichimonji/odometry/build/low_level/prefix_override:/usr/lib/python3/dist-packages/colcon_core/task/python/colcon_distutils_commands:/home/bagus/ichimonji/odometry/install/low_level/lib/python3.10/site-packages:${PYTHONPATH} /usr/bin/python3 -W ignore:setup.py install is deprecated -W ignore:easy_install command is deprecated setup.py egg_info --egg-base ../../build/low_level build --build-base /home/bagus/ichimonji/odometry/build/low_level/build install --record /home/bagus/ichimonji/odometry/build/low_level/install.log --single-version-externally-managed install_data
