running egg_info
creating ../../build/low_level/low_level.egg-info
writing ../../build/low_level/low_level.egg-info/PKG-INFO
writing dependency_links to ../../build/low_level/low_level.egg-info/dependency_links.txt
writing entry points to ../../build/low_level/low_level.egg-info/entry_points.txt
writing requirements to ../../build/low_level/low_level.egg-info/requires.txt
writing top-level names to ../../build/low_level/low_level.egg-info/top_level.txt
writing manifest file '../../build/low_level/low_level.egg-info/SOURCES.txt'
reading manifest file '../../build/low_level/low_level.egg-info/SOURCES.txt'
writing manifest file '../../build/low_level/low_level.egg-info/SOURCES.txt'
running build
running build_py
creating /home/bagus/ichimonji/odometry/build/low_level/build
creating /home/bagus/ichimonji/odometry/build/low_level/build/lib
creating /home/bagus/ichimonji/odometry/build/low_level/build/lib/low_level
copying low_level/anti_collision.py -> /home/bagus/ichimonji/odometry/build/low_level/build/lib/low_level
copying low_level/__init__.py -> /home/bagus/ichimonji/odometry/build/low_level/build/lib/low_level
running install
running install_lib
creating /home/bagus/ichimonji/odometry/install/low_level/lib/python3.10/site-packages/low_level
copying /home/bagus/ichimonji/odometry/build/low_level/build/lib/low_level/anti_collision.py -> /home/bagus/ichimonji/odometry/install/low_level/lib/python3.10/site-packages/low_level
copying /home/bagus/ichimonji/odometry/build/low_level/build/lib/low_level/__init__.py -> /home/bagus/ichimonji/odometry/install/low_level/lib/python3.10/site-packages/low_level
byte-compiling /home/bagus/ichimonji/odometry/install/low_level/lib/python3.10/site-packages/low_level/anti_collision.py to anti_collision.cpython-310.pyc
byte-compiling /home/bagus/ichimonji/odometry/install/low_level/lib/python3.10/site-packages/low_level/__init__.py to __init__.cpython-310.pyc
running install_data
creating /home/bagus/ichimonji/odometry/install/low_level/share/ament_index
creating /home/bagus/ichimonji/odometry/install/low_level/share/ament_index/resource_index
creating /home/bagus/ichimonji/odometry/install/low_level/share/ament_index/resource_index/packages
copying resource/low_level -> /home/bagus/ichimonji/odometry/install/low_level/share/ament_index/resource_index/packages
copying package.xml -> /home/bagus/ichimonji/odometry/install/low_level/share/low_level
running install_egg_info
Copying ../../build/low_level/low_level.egg-info to /home/bagus/ichimonji/odometry/install/low_level/lib/python3.10/site-packages/low_level-0.0.0-py3.10.egg-info
running install_scripts
writing list of installed files to '/home/bagus/ichimonji/odometry/build/low_level/install.log'
