[0.321s] Invoking command in '/home/bagus/ichimonji/odometry/src/low_level': PYTHONPATH=/home/bagus/ichimonji/odometry/build/low_level/prefix_override:/usr/lib/python3/dist-packages/colcon_core/task/python/colcon_distutils_commands:/home/bagus/ichimonji/odometry/install/low_level/lib/python3.10/site-packages:${PYTHONPATH} /usr/bin/python3 -W ignore:setup.py install is deprecated -W ignore:easy_install command is deprecated setup.py egg_info --egg-base ../../build/low_level build --build-base /home/bagus/ichimonji/odometry/build/low_level/build install --record /home/bagus/ichimonji/odometry/build/low_level/install.log --single-version-externally-managed install_data
[0.431s] running egg_info
[0.431s] creating ../../build/low_level/low_level.egg-info
[0.431s] writing ../../build/low_level/low_level.egg-info/PKG-INFO
[0.431s] writing dependency_links to ../../build/low_level/low_level.egg-info/dependency_links.txt
[0.431s] writing entry points to ../../build/low_level/low_level.egg-info/entry_points.txt
[0.432s] writing requirements to ../../build/low_level/low_level.egg-info/requires.txt
[0.432s] writing top-level names to ../../build/low_level/low_level.egg-info/top_level.txt
[0.432s] writing manifest file '../../build/low_level/low_level.egg-info/SOURCES.txt'
[0.432s] reading manifest file '../../build/low_level/low_level.egg-info/SOURCES.txt'
[0.432s] writing manifest file '../../build/low_level/low_level.egg-info/SOURCES.txt'
[0.432s] running build
[0.432s] running build_py
[0.432s] creating /home/bagus/ichimonji/odometry/build/low_level/build
[0.432s] creating /home/bagus/ichimonji/odometry/build/low_level/build/lib
[0.432s] creating /home/bagus/ichimonji/odometry/build/low_level/build/lib/low_level
[0.432s] copying low_level/anti_collision.py -> /home/bagus/ichimonji/odometry/build/low_level/build/lib/low_level
[0.432s] copying low_level/__init__.py -> /home/bagus/ichimonji/odometry/build/low_level/build/lib/low_level
[0.432s] running install
[0.432s] running install_lib
[0.433s]   File "/home/bagus/ichimonji/odometry/install/low_level/lib/python3.10/site-packages/low_level/anti_collision.py", line 17
[0.433s]     self.get_logger().info(f'terrain altitude = {terrain_altitude}'))
[0.433s]                                                                     ^
[0.433s] SyntaxError: unmatched ')'
[0.433s] 
[0.433s] creating /home/bagus/ichimonji/odometry/install/low_level/lib/python3.10/site-packages/low_level
[0.433s] copying /home/bagus/ichimonji/odometry/build/low_level/build/lib/low_level/anti_collision.py -> /home/bagus/ichimonji/odometry/install/low_level/lib/python3.10/site-packages/low_level
[0.433s] copying /home/bagus/ichimonji/odometry/build/low_level/build/lib/low_level/__init__.py -> /home/bagus/ichimonji/odometry/install/low_level/lib/python3.10/site-packages/low_level
[0.433s] byte-compiling /home/bagus/ichimonji/odometry/install/low_level/lib/python3.10/site-packages/low_level/anti_collision.py to anti_collision.cpython-310.pyc
[0.433s] byte-compiling /home/bagus/ichimonji/odometry/install/low_level/lib/python3.10/site-packages/low_level/__init__.py to __init__.cpython-310.pyc
[0.433s] running install_data
[0.433s] creating /home/bagus/ichimonji/odometry/install/low_level/share/ament_index
[0.433s] creating /home/bagus/ichimonji/odometry/install/low_level/share/ament_index/resource_index
[0.433s] creating /home/bagus/ichimonji/odometry/install/low_level/share/ament_index/resource_index/packages
[0.433s] copying resource/low_level -> /home/bagus/ichimonji/odometry/install/low_level/share/ament_index/resource_index/packages
[0.433s] copying package.xml -> /home/bagus/ichimonji/odometry/install/low_level/share/low_level
[0.433s] running install_egg_info
[0.433s] Copying ../../build/low_level/low_level.egg-info to /home/bagus/ichimonji/odometry/install/low_level/lib/python3.10/site-packages/low_level-0.0.0-py3.10.egg-info
[0.433s] running install_scripts
[0.443s] writing list of installed files to '/home/bagus/ichimonji/odometry/build/low_level/install.log'
[0.455s] Invoked command in '/home/bagus/ichimonji/odometry/src/low_level' returned '0': PYTHONPATH=/home/bagus/ichimonji/odometry/build/low_level/prefix_override:/usr/lib/python3/dist-packages/colcon_core/task/python/colcon_distutils_commands:/home/bagus/ichimonji/odometry/install/low_level/lib/python3.10/site-packages:${PYTHONPATH} /usr/bin/python3 -W ignore:setup.py install is deprecated -W ignore:easy_install command is deprecated setup.py egg_info --egg-base ../../build/low_level build --build-base /home/bagus/ichimonji/odometry/build/low_level/build install --record /home/bagus/ichimonji/odometry/build/low_level/install.log --single-version-externally-managed install_data
