/home/bagus/ichimonji/odometry/install/low_level/lib/python3.10/site-packages/low_level/opflow_read_pymavlink.py
/home/bagus/ichimonji/odometry/install/low_level/lib/python3.10/site-packages/low_level/learn_mavros.py
/home/bagus/ichimonji/odometry/install/low_level/lib/python3.10/site-packages/low_level/opflow_read_mavros.py
/home/bagus/ichimonji/odometry/install/low_level/lib/python3.10/site-packages/low_level/pixhawk-raspi.py
/home/bagus/ichimonji/odometry/install/low_level/lib/python3.10/site-packages/low_level/__init__.py
/home/bagus/ichimonji/odometry/install/low_level/lib/python3.10/site-packages/low_level/__pycache__/opflow_read_pymavlink.cpython-310.pyc
/home/bagus/ichimonji/odometry/install/low_level/lib/python3.10/site-packages/low_level/__pycache__/learn_mavros.cpython-310.pyc
/home/bagus/ichimonji/odometry/install/low_level/lib/python3.10/site-packages/low_level/__pycache__/opflow_read_mavros.cpython-310.pyc
/home/bagus/ichimonji/odometry/install/low_level/lib/python3.10/site-packages/low_level/__pycache__/pixhawk-raspi.cpython-310.pyc
/home/bagus/ichimonji/odometry/install/low_level/lib/python3.10/site-packages/low_level/__pycache__/__init__.cpython-310.pyc
/home/bagus/ichimonji/odometry/install/low_level/share/ament_index/resource_index/packages/low_level
/home/bagus/ichimonji/odometry/install/low_level/share/low_level/package.xml
/home/bagus/ichimonji/odometry/install/low_level/lib/python3.10/site-packages/low_level-0.0.0-py3.10.egg-info/dependency_links.txt
/home/bagus/ichimonji/odometry/install/low_level/lib/python3.10/site-packages/low_level-0.0.0-py3.10.egg-info/top_level.txt
/home/bagus/ichimonji/odometry/install/low_level/lib/python3.10/site-packages/low_level-0.0.0-py3.10.egg-info/PKG-INFO
/home/bagus/ichimonji/odometry/install/low_level/lib/python3.10/site-packages/low_level-0.0.0-py3.10.egg-info/requires.txt
/home/bagus/ichimonji/odometry/install/low_level/lib/python3.10/site-packages/low_level-0.0.0-py3.10.egg-info/SOURCES.txt
/home/bagus/ichimonji/odometry/install/low_level/lib/python3.10/site-packages/low_level-0.0.0-py3.10.egg-info/entry_points.txt
/home/bagus/ichimonji/odometry/install/low_level/lib/python3.10/site-packages/low_level-0.0.0-py3.10.egg-info/zip-safe
/home/bagus/ichimonji/odometry/install/low_level/lib/low_level/learn_mavros
/home/bagus/ichimonji/odometry/install/low_level/lib/low_level/opflow
