[0.304s] Invoking command in '/home/bagus/ichimonji/odometry/src/low_level': PYTHONPATH=/home/bagus/ichimonji/odometry/build/low_level/prefix_override:/usr/lib/python3/dist-packages/colcon_core/task/python/colcon_distutils_commands:/home/bagus/ichimonji/odometry/install/low_level/lib/python3.10/site-packages:${PYTHONPATH} /usr/bin/python3 -W ignore:setup.py install is deprecated -W ignore:easy_install command is deprecated setup.py egg_info --egg-base ../../build/low_level build --build-base /home/bagus/ichimonji/odometry/build/low_level/build install --record /home/bagus/ichimonji/odometry/build/low_level/install.log --single-version-externally-managed install_data
[0.406s] running egg_info
[0.406s] writing ../../build/low_level/low_level.egg-info/PKG-INFO
[0.406s] writing dependency_links to ../../build/low_level/low_level.egg-info/dependency_links.txt
[0.406s] writing entry points to ../../build/low_level/low_level.egg-info/entry_points.txt
[0.406s] writing requirements to ../../build/low_level/low_level.egg-info/requires.txt
[0.406s] writing top-level names to ../../build/low_level/low_level.egg-info/top_level.txt
[0.408s] reading manifest file '../../build/low_level/low_level.egg-info/SOURCES.txt'
[0.408s] writing manifest file '../../build/low_level/low_level.egg-info/SOURCES.txt'
[0.408s] running build
[0.408s] running build_py
[0.408s] running install
[0.408s] running install_lib
[0.408s] running install_data
[0.408s] running install_egg_info
[0.409s] removing '/home/bagus/ichimonji/odometry/install/low_level/lib/python3.10/site-packages/low_level-0.0.0-py3.10.egg-info' (and everything under it)
[0.409s] Copying ../../build/low_level/low_level.egg-info to /home/bagus/ichimonji/odometry/install/low_level/lib/python3.10/site-packages/low_level-0.0.0-py3.10.egg-info
[0.410s] running install_scripts
[0.422s] Installing learn_mavros script to /home/bagus/ichimonji/odometry/install/low_level/lib/low_level
[0.422s] Installing opflow script to /home/bagus/ichimonji/odometry/install/low_level/lib/low_level
[0.422s] writing list of installed files to '/home/bagus/ichimonji/odometry/build/low_level/install.log'
[0.433s] Invoked command in '/home/bagus/ichimonji/odometry/src/low_level' returned '0': PYTHONPATH=/home/bagus/ichimonji/odometry/build/low_level/prefix_override:/usr/lib/python3/dist-packages/colcon_core/task/python/colcon_distutils_commands:/home/bagus/ichimonji/odometry/install/low_level/lib/python3.10/site-packages:${PYTHONPATH} /usr/bin/python3 -W ignore:setup.py install is deprecated -W ignore:easy_install command is deprecated setup.py egg_info --egg-base ../../build/low_level build --build-base /home/bagus/ichimonji/odometry/build/low_level/build install --record /home/bagus/ichimonji/odometry/build/low_level/install.log --single-version-externally-managed install_data
