[0.269s] Invoking command in '/home/bagus/ichimonji/odometry/src/low_level': PYTHONPATH=/home/bagus/ichimonji/odometry/build/low_level/prefix_override:/usr/lib/python3/dist-packages/colcon_core/task/python/colcon_distutils_commands:/home/bagus/ichimonji/odometry/install/low_level/lib/python3.10/site-packages:${PYTHONPATH} /usr/bin/python3 -W ignore:setup.py install is deprecated -W ignore:easy_install command is deprecated setup.py egg_info --egg-base ../../build/low_level build --build-base /home/bagus/ichimonji/odometry/build/low_level/build install --record /home/bagus/ichimonji/odometry/build/low_level/install.log --single-version-externally-managed install_data
[0.429s] running egg_info
[0.429s] writing ../../build/low_level/low_level.egg-info/PKG-INFO
[0.429s] writing dependency_links to ../../build/low_level/low_level.egg-info/dependency_links.txt
[0.429s] writing entry points to ../../build/low_level/low_level.egg-info/entry_points.txt
[0.429s] writing requirements to ../../build/low_level/low_level.egg-info/requires.txt
[0.429s] writing top-level names to ../../build/low_level/low_level.egg-info/top_level.txt
[0.430s] reading manifest file '../../build/low_level/low_level.egg-info/SOURCES.txt'
[0.430s] writing manifest file '../../build/low_level/low_level.egg-info/SOURCES.txt'
[0.431s] running build
[0.431s] running build_py
[0.431s] copying low_level/learn_mavros.py -> /home/bagus/ichimonji/odometry/build/low_level/build/lib/low_level
[0.431s] running install
[0.431s] running install_lib
[0.432s] copying /home/bagus/ichimonji/odometry/build/low_level/build/lib/low_level/learn_mavros.py -> /home/bagus/ichimonji/odometry/install/low_level/lib/python3.10/site-packages/low_level
[0.432s] byte-compiling /home/bagus/ichimonji/odometry/install/low_level/lib/python3.10/site-packages/low_level/learn_mavros.py to learn_mavros.cpython-310.pyc
[0.432s]   File "/home/bagus/ichimonji/odometry/install/low_level/lib/python3.10/site-packages/low_level/learn_mavros.py", line 4
[0.433s]     from std_msgs.msg import Float64
[0.433s]     ^^^^
[0.433s] SyntaxError: invalid syntax
[0.433s] 
[0.433s] running install_data
[0.433s] running install_egg_info
[0.435s] removing '/home/bagus/ichimonji/odometry/install/low_level/lib/python3.10/site-packages/low_level-0.0.0-py3.10.egg-info' (and everything under it)
[0.435s] Copying ../../build/low_level/low_level.egg-info to /home/bagus/ichimonji/odometry/install/low_level/lib/python3.10/site-packages/low_level-0.0.0-py3.10.egg-info
[0.435s] running install_scripts
[0.456s] Installing anti_collision script to /home/bagus/ichimonji/odometry/install/low_level/lib/low_level
[0.456s] Installing learn_mavros script to /home/bagus/ichimonji/odometry/install/low_level/lib/low_level
[0.456s] writing list of installed files to '/home/bagus/ichimonji/odometry/build/low_level/install.log'
[0.478s] Invoked command in '/home/bagus/ichimonji/odometry/src/low_level' returned '0': PYTHONPATH=/home/bagus/ichimonji/odometry/build/low_level/prefix_override:/usr/lib/python3/dist-packages/colcon_core/task/python/colcon_distutils_commands:/home/bagus/ichimonji/odometry/install/low_level/lib/python3.10/site-packages:${PYTHONPATH} /usr/bin/python3 -W ignore:setup.py install is deprecated -W ignore:easy_install command is deprecated setup.py egg_info --egg-base ../../build/low_level build --build-base /home/bagus/ichimonji/odometry/build/low_level/build install --record /home/bagus/ichimonji/odometry/build/low_level/install.log --single-version-externally-managed install_data
